Using pre-set license
Built from '2020.3/release' branch; Version is '2020.3.2f1 (8fd9074bf66c) revision 9427207'; Using compiler version '192528614'; Build Type 'Release'
OS: 'Windows 10 Home; OS build 19043.1110; Version 2009; 64bit' Language: 'en' Physical Memory: 8026 MB
BatchMode: 1, IsHumanControllingUs: 0, StartBugReporterOnCrash: 0, Is64bit: 1, IsPro: 0

 COMMAND LINE ARGUMENTS:
C:\Program Files\Unity\Hub\Editor\2020.3.2f1\Editor\Unity.exe
-adb2
-batchMode
-noUpm
-name
AssetImportWorker0
-projectPath
C:/Users/thoma/Downloads/Basketball-Pros-master/Basketball-Pros-master/Basketball Game
-logFile
Logs/AssetImportWorker0.log
-srvPort
54105
Successfully changed project path to: C:/Users/thoma/Downloads/Basketball-Pros-master/Basketball-Pros-master/Basketball Game
C:/Users/thoma/Downloads/Basketball-Pros-master/Basketball-Pros-master/Basketball Game
Using Asset Import Pipeline V2.
Refreshing native plugins compatible for Editor in 49.26 ms, found 0 plugins.
Preloading 0 native plugins for Editor in 0.00 ms.
Initialize engine version: 2020.3.2f1 (8fd9074bf66c)
[Subsystems] Discovering subsystems at path C:/Program Files/Unity/Hub/Editor/2020.3.2f1/Editor/Data/Resources/UnitySubsystems
[Subsystems] Discovering subsystems at path C:/Users/thoma/Downloads/Basketball-Pros-master/Basketball-Pros-master/Basketball Game/Assets
GfxDevice: creating device client; threaded=0
Direct3D:
    Version:  Direct3D 11.0 [level 11.1]
    Renderer: Intel(R) UHD Graphics 620 (ID=0x5917)
    Vendor:   
    VRAM:     4013 MB
    Driver:   26.20.100.7926
Initialize mono
Mono path[0] = 'C:/Program Files/Unity/Hub/Editor/2020.3.2f1/Editor/Data/Managed'
Mono path[1] = 'C:/Program Files/Unity/Hub/Editor/2020.3.2f1/Editor/Data/MonoBleedingEdge/lib/mono/unityjit'
Mono config path = 'C:/Program Files/Unity/Hub/Editor/2020.3.2f1/Editor/Data/MonoBleedingEdge/etc'
Using monoOptions --debugger-agent=transport=dt_socket,embedding=1,server=y,suspend=n,address=127.0.0.1:56476
Begin MonoManager ReloadAssembly
Registering precompiled unity dll's ...
Register platform support module: C:/Program Files/Unity/Hub/Editor/2020.3.2f1/Editor/Data/PlaybackEngines/WindowsStandaloneSupport/UnityEditor.WindowsStandalone.Extensions.dll
Registered in 0.014277 seconds.
Native extension for WindowsStandalone target not found
Refreshing native plugins compatible for Editor in 42.01 ms, found 0 plugins.
Preloading 0 native plugins for Editor in 0.00 ms.
Invoked RoslynAnalysisRunner static constructor.
RoslynAnalysisRunner will not be running.
RoslynAnalysisRunner has terminated.
Mono: successfully reloaded assembly
- Completed reload, in  7.214 seconds
Platform modules already initialized, skipping
Registering precompiled user dll's ...
Registered in 0.004319 seconds.
Begin MonoManager ReloadAssembly
Native extension for WindowsStandalone target not found
Refreshing native plugins compatible for Editor in 0.39 ms, found 0 plugins.
Preloading 0 native plugins for Editor in 0.00 ms.
Invoked RoslynAnalysisRunner static constructor.
RoslynAnalysisRunner will not be running.
RoslynAnalysisRunner has terminated.
Mono: successfully reloaded assembly
- Completed reload, in  1.545 seconds
Platform modules already initialized, skipping
========================================================================
Worker process is ready to serve import requests
Launched and connected shader compiler UnityShaderCompiler.exe after 0.10 seconds
Refreshing native plugins compatible for Editor in 1.54 ms, found 0 plugins.
Preloading 0 native plugins for Editor in 0.00 ms.
Unloading 1483 Unused Serialized files (Serialized files now loaded: 0)
System memory in use before: 73.9 MB.
System memory in use after: 73.9 MB.

Unloading 9 unused Assets to reduce memory usage. Loaded Objects now: 1931.
Total: 7.638900 ms (FindLiveObjects: 0.500900 ms CreateObjectMapping: 0.223800 ms MarkObjects: 6.132400 ms  DeleteObjects: 0.772000 ms)

========================================================================
Received Import Request.
  path: Assets/Basketball Picture.png
  artifactKey: Guid(8b23b538ee2fafb43a3169f8c4a2963d) Importer(815301076,1909f56bfc062723c751e8b465ee728b)
Start importing Assets/Basketball Picture.png using Guid(8b23b538ee2fafb43a3169f8c4a2963d) Importer(815301076,1909f56bfc062723c751e8b465ee728b)  -> (artifact id: '6d133a6298ba8660ba08585ee123b6d2') in 0.193486 seconds
  Import took 0.198116 seconds .

========================================================================
Received Import Request.
  Time since last request: 11.092325 seconds.
  path: Assets/Basketball Background.jpg
  artifactKey: Guid(8535f7490140c754cb2c778e8605e005) Importer(815301076,1909f56bfc062723c751e8b465ee728b)
Start importing Assets/Basketball Background.jpg using Guid(8535f7490140c754cb2c778e8605e005) Importer(815301076,1909f56bfc062723c751e8b465ee728b)  -> (artifact id: '1d1e8706665de1977d483d75e9e4ca72') in 0.023833 seconds
  Import took 0.031078 seconds .

========================================================================
Received Import Request.
  Time since last request: 0.000724 seconds.
  path: Assets/Basketball Background.jpg
  artifactKey: Guid(8535f7490140c754cb2c778e8605e005) Importer(815301076,1909f56bfc062723c751e8b465ee728b)
Start importing Assets/Basketball Background.jpg using Guid(8535f7490140c754cb2c778e8605e005) Importer(815301076,1909f56bfc062723c751e8b465ee728b)  -> (artifact id: '1d1e8706665de1977d483d75e9e4ca72') in 0.027570 seconds
  Import took 0.031857 seconds .

========================================================================
Received Import Request.
  Time since last request: 28.252336 seconds.
  path: Assets/Basketball Hoop.png
  artifactKey: Guid(c587cf80776d1ac419b9b69143a548a3) Importer(815301076,1909f56bfc062723c751e8b465ee728b)
Start importing Assets/Basketball Hoop.png using Guid(c587cf80776d1ac419b9b69143a548a3) Importer(815301076,1909f56bfc062723c751e8b465ee728b)  -> (artifact id: '84f35805aace0e26092f16f3132da502') in 0.026251 seconds
  Import took 0.030811 seconds .

========================================================================
Received Import Request.
  Time since last request: 13.726451 seconds.
  path: Assets/Basketball Background.jpg
  artifactKey: Guid(8535f7490140c754cb2c778e8605e005) Importer(815301076,1909f56bfc062723c751e8b465ee728b)
Start importing Assets/Basketball Background.jpg using Guid(8535f7490140c754cb2c778e8605e005) Importer(815301076,1909f56bfc062723c751e8b465ee728b)  -> (artifact id: '039735199efb86a001db1230b5dd7049') in 0.136409 seconds
  Import took 0.145278 seconds .

========================================================================
Received Import Request.
  Time since last request: 262.134736 seconds.
  path: Assets/Outrun future.otf
  artifactKey: Guid(2a1125ee00ebb38488b022de17aeeacf) Importer(815301076,1909f56bfc062723c751e8b465ee728b)
Start importing Assets/Outrun future.otf using Guid(2a1125ee00ebb38488b022de17aeeacf) Importer(815301076,1909f56bfc062723c751e8b465ee728b)  -> (artifact id: 'c769a784c898316ebb2dedcd278526e3') in 0.152250 seconds
  Import took 0.159647 seconds .

========================================================================
Received Prepare
Registering precompiled user dll's ...
Registered in 0.002228 seconds.
Begin MonoManager ReloadAssembly
Native extension for WindowsStandalone target not found
Refreshing native plugins compatible for Editor in 0.34 ms, found 0 plugins.
Preloading 0 native plugins for Editor in 0.00 ms.
Invoked RoslynAnalysisRunner static constructor.
RoslynAnalysisRunner will not be running.
RoslynAnalysisRunner has terminated.
Mono: successfully reloaded assembly
- Completed reload, in  1.629 seconds
Platform modules already initialized, skipping
Refreshing native plugins compatible for Editor in 1.44 ms, found 0 plugins.
Preloading 0 native plugins for Editor in 0.00 ms.
Unloading 1447 Unused Serialized files (Serialized files now loaded: 0)
System memory in use before: 74.3 MB.
System memory in use after: 74.4 MB.

Unloading 4 unused Assets to reduce memory usage. Loaded Objects now: 1981.
Total: 3.281100 ms (FindLiveObjects: 0.497600 ms CreateObjectMapping: 0.128900 ms MarkObjects: 2.623200 ms  DeleteObjects: 0.028000 ms)

========================================================================
Received Prepare
Registering precompiled user dll's ...
Registered in 0.005871 seconds.
Begin MonoManager ReloadAssembly
Native extension for WindowsStandalone target not found
Refreshing native plugins compatible for Editor in 0.34 ms, found 0 plugins.
Preloading 0 native plugins for Editor in 0.00 ms.
Invoked RoslynAnalysisRunner static constructor.
RoslynAnalysisRunner will not be running.
RoslynAnalysisRunner has terminated.
Mono: successfully reloaded assembly
- Completed reload, in  1.622 seconds
Platform modules already initialized, skipping
Refreshing native plugins compatible for Editor in 0.34 ms, found 0 plugins.
Preloading 0 native plugins for Editor in 0.00 ms.
Unloading 1448 Unused Serialized files (Serialized files now loaded: 0)
System memory in use before: 74.3 MB.
System memory in use after: 74.4 MB.

Unloading 4 unused Assets to reduce memory usage. Loaded Objects now: 1985.
Total: 5.926400 ms (FindLiveObjects: 1.052700 ms CreateObjectMapping: 0.300300 ms MarkObjects: 4.542500 ms  DeleteObjects: 0.026900 ms)

========================================================================
Received Prepare
Registering precompiled user dll's ...
Registered in 0.004129 seconds.
Begin MonoManager ReloadAssembly
Native extension for WindowsStandalone target not found
Refreshing native plugins compatible for Editor in 0.55 ms, found 0 plugins.
Preloading 0 native plugins for Editor in 0.00 ms.
Invoked RoslynAnalysisRunner static constructor.
RoslynAnalysisRunner will not be running.
RoslynAnalysisRunner has terminated.
Mono: successfully reloaded assembly
- Completed reload, in  2.100 seconds
Platform modules already initialized, skipping
Refreshing native plugins compatible for Editor in 0.59 ms, found 0 plugins.
Preloading 0 native plugins for Editor in 0.00 ms.
Unloading 1448 Unused Serialized files (Serialized files now loaded: 0)
System memory in use before: 74.4 MB.
System memory in use after: 74.5 MB.

Unloading 4 unused Assets to reduce memory usage. Loaded Objects now: 1988.
Total: 8.770500 ms (FindLiveObjects: 0.833900 ms CreateObjectMapping: 0.255600 ms MarkObjects: 7.637400 ms  DeleteObjects: 0.029300 ms)

========================================================================
Received Prepare
Registering precompiled user dll's ...
Registered in 0.003273 seconds.
Begin MonoManager ReloadAssembly
Native extension for WindowsStandalone target not found
Refreshing native plugins compatible for Editor in 1.02 ms, found 0 plugins.
Preloading 0 native plugins for Editor in 0.00 ms.
Invoked RoslynAnalysisRunner static constructor.
RoslynAnalysisRunner will not be running.
RoslynAnalysisRunner has terminated.
Mono: successfully reloaded assembly
- Completed reload, in  1.917 seconds
Platform modules already initialized, skipping
Refreshing native plugins compatible for Editor in 0.30 ms, found 0 plugins.
Preloading 0 native plugins for Editor in 0.00 ms.
Unloading 1448 Unused Serialized files (Serialized files now loaded: 0)
System memory in use before: 74.4 MB.
System memory in use after: 74.5 MB.

Unloading 4 unused Assets to reduce memory usage. Loaded Objects now: 1991.
Total: 6.891900 ms (FindLiveObjects: 1.369400 ms CreateObjectMapping: 0.272900 ms MarkObjects: 5.209900 ms  DeleteObjects: 0.030200 ms)

========================================================================
Received Prepare
Registering precompiled user dll's ...
Registered in 0.001521 seconds.
Begin MonoManager ReloadAssembly
Native extension for WindowsStandalone target not found
Refreshing native plugins compatible for Editor in 0.32 ms, found 0 plugins.
Preloading 0 native plugins for Editor in 0.00 ms.
Invoked RoslynAnalysisRunner static constructor.
RoslynAnalysisRunner will not be running.
RoslynAnalysisRunner has terminated.
Mono: successfully reloaded assembly
- Completed reload, in  1.670 seconds
Platform modules already initialized, skipping
Refreshing native plugins compatible for Editor in 0.48 ms, found 0 plugins.
Preloading 0 native plugins for Editor in 0.00 ms.
Unloading 1448 Unused Serialized files (Serialized files now loaded: 0)
System memory in use before: 74.4 MB.
System memory in use after: 74.5 MB.

Unloading 4 unused Assets to reduce memory usage. Loaded Objects now: 1994.
Total: 4.722400 ms (FindLiveObjects: 0.762100 ms CreateObjectMapping: 0.327900 ms MarkObjects: 3.606700 ms  DeleteObjects: 0.023500 ms)

========================================================================
Received Import Request.
  Time since last request: 1022.840514 seconds.
  path: Assets/Dark Heart - Crash Test Dummy [NCS Release].mp3
  artifactKey: Guid(d992628e08053194a9a23266c1882cf8) Importer(815301076,1909f56bfc062723c751e8b465ee728b)
Start importing Assets/Dark Heart - Crash Test Dummy [NCS Release].mp3 using Guid(d992628e08053194a9a23266c1882cf8) Importer(815301076,1909f56bfc062723c751e8b465ee728b)  -> (artifact id: '816eab51e0d51678dd7d1f8cb757b85a') in 0.146573 seconds
  Import took 0.152527 seconds .

========================================================================
Received Prepare
Registering precompiled user dll's ...
Registered in 0.000972 seconds.
Begin MonoManager ReloadAssembly
Native extension for WindowsStandalone target not found
Refreshing native plugins compatible for Editor in 2.03 ms, found 0 plugins.
Preloading 0 native plugins for Editor in 0.00 ms.
Invoked RoslynAnalysisRunner static constructor.
RoslynAnalysisRunner will not be running.
RoslynAnalysisRunner has terminated.
Mono: successfully reloaded assembly
- Completed reload, in  0.997 seconds
Platform modules already initialized, skipping
Refreshing native plugins compatible for Editor in 0.29 ms, found 0 plugins.
Preloading 0 native plugins for Editor in 0.00 ms.
Unloading 1448 Unused Serialized files (Serialized files now loaded: 0)
System memory in use before: 74.4 MB.
System memory in use after: 74.5 MB.

Unloading 4 unused Assets to reduce memory usage. Loaded Objects now: 2000.
Total: 2.071900 ms (FindLiveObjects: 0.190800 ms CreateObjectMapping: 0.053400 ms MarkObjects: 1.810500 ms  DeleteObjects: 0.016300 ms)

AssetImportWorkerClient::OnTransportError - code=2 error=End of file
